  Board.cpp
C:\Users\Edward\source\repos\Chess\Chess\Board.cpp(238,23): warning C4244: =: преобразование "double" в "int", возможна потеря данных
C:\Users\Edward\source\repos\Chess\Chess\Board.cpp(239,24): warning C4244: =: преобразование "double" в "int", возможна потеря данных
C:\Users\Edward\source\repos\Chess\Chess\Board.cpp(398,23): warning C4244: =: преобразование "double" в "int", возможна потеря данных
C:\Users\Edward\source\repos\Chess\Chess\Board.cpp(399,24): warning C4244: =: преобразование "double" в "int", возможна потеря данных
  BoardState.cpp
  Game.cpp
  Piece.cpp
  Window.cpp
C:\Users\Edward\source\repos\Chess\Chess\Window.cpp(80,2): warning C4065: оператор switch содержит метку "default", но не содержит ни одной метки "case"
C:\Users\Edward\source\repos\Chess\Chess\Window.cpp(174,20): warning C4244: =: преобразование "double" в "int", возможна потеря данных
C:\Users\Edward\source\repos\Chess\Chess\Window.cpp(177,20): warning C4244: =: преобразование "double" в "int", возможна потеря данных
  main.cpp
C:\Users\Edward\source\repos\Chess\Chess\main.cpp(10,12): warning C4244: аргумент: преобразование "time_t" в "unsigned int", возможна потеря данных
C:\Users\Edward\source\repos\Chess\Chess\main.cpp(23,30): warning C4244: =: преобразование "Uint32" в "float", возможна потеря данных
C:\Users\Edward\source\repos\Chess\Chess\main.cpp(26,39): warning C4244: аргумент: преобразование "double" в "float", возможна потеря данных
  Создание кода...
C:\Users\Edward\source\repos\Chess\Chess\Board.cpp(387): warning C4715: Board::getTextureAtLocation: значение возвращается не при всех путях выполнения
C:\Users\Edward\source\repos\Chess\Chess\Board.cpp(2516): warning C4715: Board::doesBoxBlockAttack: значение возвращается не при всех путях выполнения
  Chess.vcxproj -> C:\Users\Edward\source\repos\Chess\x64\Debug\Chess.exe
